#
# There is insufficient memory for the Java Runtime Environment to continue.
# Native memory allocation (malloc) failed to allocate 47280 bytes for Chunk::new
# Possible reasons:
#   The system is out of physical RAM or swap space
#   The process is running with CompressedOops enabled, and the Java Heap may be blocking the growth of the native heap
# Possible solutions:
#   Reduce memory load on the system
#   Increase physical memory or swap space
#   Check if swap backing store is full
#   Decrease Java heap size (-Xmx/-Xms)
#   Decrease number of Java threads
#   Decrease Java thread stack sizes (-Xss)
#   Set larger code cache with -XX:ReservedCodeCacheSize=
#   JVM is running with Unscaled Compressed Oops mode in which the Java heap is
#     placed in the first 4GB address space. The Java Heap base address is the
#     maximum limit for the native heap growth. Please use -XX:HeapBaseMinAddress
#     to set the Java Heap base and to place the Java Heap above 4GB virtual address.
# This output file may be truncated or incomplete.
#
#  Out of Memory Error (allocation.cpp:389), pid=30092, tid=0x0000000000005a3c
#
# JRE version: OpenJDK Runtime Environment (8.0_212-b04) (build 1.8.0_212-release-1586-b04)
# Java VM: OpenJDK 64-Bit Server VM (25.212-b04 mixed mode windows-amd64 compressed oops)
# Failed to write core dump. Minidumps are not enabled by default on client versions of Windows
#

---------------  T H R E A D  ---------------

Current thread (0x0000000016a2e000):  JavaThread "C2 CompilerThread2" daemon [_thread_in_native, id=23100, stack(0x0000000019210000,0x0000000019310000)]

Stack: [0x0000000019210000,0x0000000019310000]
[error occurred during error reporting (printing stack bounds), id 0xc0000005]

Native frames: (J=compiled Java code, j=interpreted, Vv=VM code, C=native code)


Current CompileTask:
C2:  11716 3667       4       org.objectweb.asm.SymbolTable::addType (81 bytes)


---------------  P R O C E S S  ---------------

Java Threads: ( => current thread )
  0x000000001dd77000 JavaThread "Cache worker for Build Output Cleanup Cache (C:\HeejaeSH\CHM\.gradle\buildOutputCleanup)" [_thread_blocked, id=30340, stack(0x0000000022cf0000,0x0000000022df0000)]
  0x000000001dd78800 JavaThread "pool-1-thread-1" [_thread_blocked, id=30908, stack(0x00000000225f0000,0x00000000226f0000)]
  0x000000001dd76800 JavaThread "Build operations Thread 8" [_thread_blocked, id=30344, stack(0x00000000220f0000,0x00000000221f0000)]
  0x000000001dd72800 JavaThread "Build operations Thread 7" [_thread_blocked, id=30008, stack(0x0000000021ff0000,0x00000000220f0000)]
  0x000000001dd75000 JavaThread "Build operations Thread 6" [_thread_blocked, id=30588, stack(0x0000000021ef0000,0x0000000021ff0000)]
  0x000000001dd74000 JavaThread "Build operations Thread 5" [_thread_blocked, id=31704, stack(0x0000000021df0000,0x0000000021ef0000)]
  0x000000001dd70800 JavaThread "Build operations Thread 4" [_thread_blocked, id=3652, stack(0x0000000021cf0000,0x0000000021df0000)]
  0x000000001dd73800 JavaThread "Build operations Thread 3" [_thread_blocked, id=31484, stack(0x00000000219d0000,0x0000000021ad0000)]
  0x000000001dd6f800 JavaThread "Build operations Thread 2" [_thread_blocked, id=26576, stack(0x00000000218d0000,0x00000000219d0000)]
  0x000000001dd71000 JavaThread "Build operations" [_thread_blocked, id=30868, stack(0x00000000217d0000,0x00000000218d0000)]
  0x000000001dd72000 JavaThread "Cache worker for execution history cache (C:\Users\ÏïÑÌã∞Î∏å8\.gradle\caches\5.6.4\executionHistory)" [_thread_blocked, id=31176, stack(0x00000000216d0000,0x00000000217d0000)]
  0x0000000019759800 JavaThread "Cache worker for cache directory md-rule (C:\Users\ÏïÑÌã∞Î∏å8\.gradle\caches\5.6.4\md-rule)" [_thread_blocked, id=31456, stack(0x0000000021390000,0x0000000021490000)]
  0x0000000019758800 JavaThread "Cache worker for cache directory md-supplier (C:\Users\ÏïÑÌã∞Î∏å8\.gradle\caches\5.6.4\md-supplier)" [_thread_blocked, id=24624, stack(0x0000000020e80000,0x0000000020f80000)]
  0x0000000019752800 JavaThread "Cache worker for file hash cache (C:\HeejaeSH\CHM\.gradle\5.6.4\fileHashes)" [_thread_blocked, id=16924, stack(0x000000001e510000,0x000000001e610000)]
  0x0000000019755800 JavaThread "Cache worker for journal cache (C:\Users\ÏïÑÌã∞Î∏å8\.gradle\caches\journal-1)" [_thread_blocked, id=24536, stack(0x000000001d440000,0x000000001d540000)]
  0x0000000019753800 JavaThread "File lock request listener" [_thread_in_native, id=27928, stack(0x000000001d340000,0x000000001d440000)]
  0x0000000019755000 JavaThread "Cache worker for file hash cache (C:\Users\ÏïÑÌã∞Î∏å8\.gradle\caches\5.6.4\fileHashes)" [_thread_blocked, id=26192, stack(0x000000001d240000,0x000000001d340000)]
  0x000000001b2a0000 JavaThread "Thread-9" [_thread_blocked, id=30700, stack(0x000000001cf40000,0x000000001d040000)]
  0x000000001b21e000 JavaThread "Stdin handler" [_thread_blocked, id=30960, stack(0x000000001ce40000,0x000000001cf40000)]
  0x000000001b21b800 JavaThread "Asynchronous log dispatcher for DefaultDaemonConnection: socket connection from /127.0.0.1:56569 to /127.0.0.1:56570" [_thread_blocked, id=16692, stack(0x000000001cc40000,0x000000001cd40000)]
  0x000000001b21a800 JavaThread "Daemon worker" [_thread_in_Java, id=31496, stack(0x000000001cb40000,0x000000001cc40000)]
  0x000000001b219800 JavaThread "Cancel handler" [_thread_blocked, id=31152, stack(0x000000001ca40000,0x000000001cb40000)]
  0x000000001b282800 JavaThread "Handler for socket connection from /127.0.0.1:56569 to /127.0.0.1:56570" [_thread_in_native, id=20312, stack(0x000000001c740000,0x000000001c840000)]
  0x000000001b1d7000 JavaThread "Daemon" [_thread_blocked, id=28096, stack(0x000000001c640000,0x000000001c740000)]
  0x000000001b1a8000 JavaThread "Daemon periodic checks" [_thread_blocked, id=28836, stack(0x000000001c540000,0x000000001c640000)]
  0x000000001b1a5800 JavaThread "Incoming local TCP Connector on port 56569" [_thread_in_native, id=31436, stack(0x000000001c0b0000,0x000000001c1b0000)]
  0x0000000019992800 JavaThread "Daemon health stats" [_thread_blocked, id=31108, stack(0x000000001bdb0000,0x000000001beb0000)]
  0x0000000018937000 JavaThread "Service Thread" daemon [_thread_blocked, id=31124, stack(0x0000000019410000,0x0000000019510000)]
  0x00000000188ac800 JavaThread "C1 CompilerThread3" daemon [_thread_in_vm, id=24200, stack(0x0000000019310000,0x0000000019410000)]
=>0x0000000016a2e000 JavaThread "C2 CompilerThread2" daemon [_thread_in_native, id=23100, stack(0x0000000019210000,0x0000000019310000)]
  0x0000000016a29000 JavaThread "C2 CompilerThread1" daemon [_thread_in_native, id=29848, stack(0x0000000019110000,0x0000000019210000)]
  0x00000000188a6000 JavaThread "C2 CompilerThread0" daemon [_thread_in_native, id=25832, stack(0x0000000019010000,0x0000000019110000)]
  0x00000000188a1000 JavaThread "Attach Listener" daemon [_thread_blocked, id=31256, stack(0x0000000018f10000,0x0000000019010000)]
  0x000000001884e800 JavaThread "Signal Dispatcher" daemon [_thread_blocked, id=26476, stack(0x0000000018e10000,0x0000000018f10000)]
  0x0000000002c5c800 JavaThread "Finalizer" daemon [_thread_blocked, id=30760, stack(0x0000000018d10000,0x0000000018e10000)]
  0x0000000018830800 JavaThread "Reference Handler" daemon [_thread_blocked, id=29896, stack(0x0000000018c10000,0x0000000018d10000)]
  0x0000000002a5e000 JavaThread "main" [_thread_blocked, id=29044, stack(0x0000000002a60000,0x0000000002b60000)]

Other Threads:
  0x0000000016a16000 VMThread [stack: 0x0000000018710000,0x0000000018810000] [id=5608]
  0x0000000018937800 WatcherThread [stack: 0x0000000019510000,0x0000000019610000] [id=30100]

VM state:not at safepoint (normal execution)

VM Mutex/Monitor currently owned by a thread:  ([mutex/lock_event])
[0x0000000002a5cc60] SystemDictionary_lock - owner thread: 0x0000000000000000
[0x0000000002a5d860] CompiledIC_lock - owner thread: 0x00000000188ac800
[0x0000000002b61ad0] MethodData_lock - owner thread: 0x0000000000000000

heap address: 0x00000000a0000000, size: 1536 MB, Compressed Oops mode: 32-bit
Narrow klass base: 0x0000000000000000, Narrow klass shift: 3
Compressed class space size: 1073741824 Address: 0x0000000100000000

Heap:
 PSYoungGen      total 153088K, used 3274K [0x00000000e0000000, 0x00000000ea580000, 0x0000000100000000)
  eden space 140800K, 2% used [0x00000000e0000000,0x00000000e0332868,0x00000000e8980000)
  from space 12288K, 0% used [0x00000000e8d80000,0x00000000e8d80000,0x00000000e9980000)
  to   space 6656K, 0% used [0x00000000e9f00000,0x00000000e9f00000,0x00000000ea580000)
 ParOldGen       total 88064K, used 17846K [0x00000000a0000000, 0x00000000a5600000, 0x00000000e0000000)
  object space 88064K, 20% used [0x00000000a0000000,0x00000000a116da20,0x00000000a5600000)
 Metaspace       used 41736K, capacity 42826K, committed 43136K, reserved 1093632K
  class space    used 5659K, capacity 5955K, committed 6016K, reserved 1048576K

Card table byte_map: [0x0000000012020000,0x0000000012330000] byte_map_base: 0x0000000011b20000

Marking Bits: (ParMarkBitMap*) 0x0000000076659f30
 Begin Bits: [0x0000000012d30000, 0x0000000014530000)
 End Bits:   [0x0000000014530000, 0x0000000015d30000)

Polling page: 0x0000000000e90000

CodeCache: size=245760Kb used=11337Kb max_used=12227Kb free=234422Kb
 bounds [0x0000000002c60000, 0x0000000003860000, 0x0000000011c60000]
 total_blobs=4093 nmethods=3352 adapters=653
 compilation: enabled

Compilation events (10 events):
Event: 11.700 Thread 0x00000000188ac800 3665       3       com.google.common.collect.LinkedHashMultimap::access$200 (6 bytes)
Event: 11.700 Thread 0x00000000188ac800 nmethod 3665 0x0000000002fd0150 code [0x0000000002fd02e0, 0x0000000002fd0618]
Event: 11.700 Thread 0x00000000188ac800 3666       3       com.google.common.collect.LinkedHashMultimap::succeedsInValueSet (15 bytes)
Event: 11.700 Thread 0x00000000188ac800 nmethod 3666 0x0000000002ee4250 code [0x0000000002ee43c0, 0x0000000002ee4698]
Event: 11.701 Thread 0x00000000188ac800 3662       3       org.gradle.internal.instantiation.AbstractClassGenerator$ManagedTypeHandler::claimPropertyImplementation (180 bytes)
Event: 11.702 Thread 0x00000000188ac800 nmethod 3662 0x0000000002e62210 code [0x0000000002e625a0, 0x0000000002e645f8]
Event: 11.702 Thread 0x00000000188ac800 3668       3       com.google.common.collect.ImmutableList::builderWithExpectedSize (16 bytes)
Event: 11.703 Thread 0x00000000188ac800 nmethod 3668 0x0000000002d7a8d0 code [0x0000000002d7aa60, 0x0000000002d7aeb8]
Event: 11.703 Thread 0x00000000188ac800 3664       3       org.gradle.internal.instantiation.AbstractClassGenerator$MethodMetadata::isAbstract (11 bytes)
Event: 11.703 Thread 0x00000000188ac800 nmethod 3664 0x0000000002d9b750 code [0x0000000002d9b8c0, 0x0000000002d9bb70]

GC Heap History (10 events):
Event: 7.839 GC heap before
{Heap before GC invocations=11 (full 2):
 PSYoungGen      total 120320K, used 10055K [0x00000000e0000000, 0x00000000eab00000, 0x0000000100000000)
  eden space 108544K, 0% used [0x00000000e0000000,0x00000000e0000000,0x00000000e6a00000)
  from space 11776K, 85% used [0x00000000e6a00000,0x00000000e73d1ea0,0x00000000e7580000)
  to   space 12288K, 0% used [0x00000000e9f00000,0x00000000e9f00000,0x00000000eab00000)
 ParOldGen       total 59392K, used 9348K [0x00000000a0000000, 0x00000000a3a00000, 0x00000000e0000000)
  object space 59392K, 15% used [0x00000000a0000000,0x00000000a0921100,0x00000000a3a00000)
 Metaspace       used 34636K, capacity 35452K, committed 35496K, reserved 1079296K
  class space    used 4752K, capacity 4975K, committed 4992K, reserved 1048576K
Event: 7.913 GC heap after
Heap after GC invocations=11 (full 2):
 PSYoungGen      total 120320K, used 0K [0x00000000e0000000, 0x00000000eab00000, 0x0000000100000000)
  eden space 108544K, 0% used [0x00000000e0000000,0x00000000e0000000,0x00000000e6a00000)
  from space 11776K, 0% used [0x00000000e6a00000,0x00000000e6a00000,0x00000000e7580000)
  to   space 12288K, 0% used [0x00000000e9f00000,0x00000000e9f00000,0x00000000eab00000)
 ParOldGen       total 88064K, used 16925K [0x00000000a0000000, 0x00000000a5600000, 0x00000000e0000000)
  object space 88064K, 19% used [0x00000000a0000000,0x00000000a1087540,0x00000000a5600000)
 Metaspace       used 34611K, capacity 35368K, committed 35496K, reserved 1079296K
  class space    used 4745K, capacity 4961K, committed 4992K, reserved 1048576K
}
Event: 11.221 GC heap before
{Heap before GC invocations=12 (full 2):
 PSYoungGen      total 120320K, used 47387K [0x00000000e0000000, 0x00000000eab00000, 0x0000000100000000)
  eden space 108544K, 43% used [0x00000000e0000000,0x00000000e2e46fa8,0x00000000e6a00000)
  from space 11776K, 0% used [0x00000000e6a00000,0x00000000e6a00000,0x00000000e7580000)
  to   space 12288K, 0% used [0x00000000e9f00000,0x00000000e9f00000,0x00000000eab00000)
 ParOldGen       total 88064K, used 16925K [0x00000000a0000000, 0x00000000a5600000, 0x00000000e0000000)
  object space 88064K, 19% used [0x00000000a0000000,0x00000000a1087540,0x00000000a5600000)
 Metaspace       used 40734K, capacity 41736K, committed 41984K, reserved 1089536K
  class space    used 5483K, capacity 5770K, committed 5888K, reserved 1048576K
Event: 11.246 GC heap after
Heap after GC invocations=12 (full 2):
 PSYoungGen      total 147456K, used 6513K [0x00000000e0000000, 0x00000000ea580000, 0x0000000100000000)
  eden space 140800K, 0% used [0x00000000e0000000,0x00000000e0000000,0x00000000e8980000)
  from space 6656K, 97% used [0x00000000e9f00000,0x00000000ea55c5e8,0x00000000ea580000)
  to   space 12288K, 0% used [0x00000000e8d80000,0x00000000e8d80000,0x00000000e9980000)
 ParOldGen       total 88064K, used 16933K [0x00000000a0000000, 0x00000000a5600000, 0x00000000e0000000)
  object space 88064K, 19% used [0x00000000a0000000,0x00000000a1089540,0x00000000a5600000)
 Metaspace       used 40734K, capacity 41736K, committed 41984K, reserved 1089536K
  class space    used 5483K, capacity 5770K, committed 5888K, reserved 1048576K
}
Event: 11.246 GC heap before
{Heap before GC invocations=13 (full 3):
 PSYoungGen      total 147456K, used 6513K [0x00000000e0000000, 0x00000000ea580000, 0x0000000100000000)
  eden space 140800K, 0% used [0x00000000e0000000,0x00000000e0000000,0x00000000e8980000)
  from space 6656K, 97% used [0x00000000e9f00000,0x00000000ea55c5e8,0x00000000ea580000)
  to   space 12288K, 0% used [0x00000000e8d80000,0x00000000e8d80000,0x00000000e9980000)
 ParOldGen       total 88064K, used 16933K [0x00000000a0000000, 0x00000000a5600000, 0x00000000e0000000)
  object space 88064K, 19% used [0x00000000a0000000,0x00000000a1089540,0x00000000a5600000)
 Metaspace       used 40734K, capacity 41736K, committed 41984K, reserved 1089536K
  class space    used 5483K, capacity 5770K, committed 5888K, reserved 1048576K
Event: 11.434 GC heap after
Heap after GC invocations=13 (full 3):
 PSYoungGen      total 147456K, used 0K [0x00000000e0000000, 0x00000000ea580000, 0x0000000100000000)
  eden space 140800K, 0% used [0x00000000e0000000,0x00000000e0000000,0x00000000e8980000)
  from space 6656K, 0% used [0x00000000e9f00000,0x00000000e9f00000,0x00000000ea580000)
  to   space 12288K, 0% used [0x00000000e8d80000,0x00000000e8d80000,0x00000000e9980000)
 ParOldGen       total 88064K, used 20731K [0x00000000a0000000, 0x00000000a5600000, 0x00000000e0000000)
  object space 88064K, 23% used [0x00000000a0000000,0x00000000a143ed20,0x00000000a5600000)
 Metaspace       used 40734K, capacity 41736K, committed 41984K, reserved 1087488K
  class space    used 5483K, capacity 5770K, committed 5888K, reserved 1048576K
}
Event: 11.652 GC heap before
{Heap before GC invocations=14 (full 3):
 PSYoungGen      total 147456K, used 13873K [0x00000000e0000000, 0x00000000ea580000, 0x0000000100000000)
  eden space 140800K, 9% used [0x00000000e0000000,0x00000000e0d8c7c8,0x00000000e8980000)
  from space 6656K, 0% used [0x00000000e9f00000,0x00000000e9f00000,0x00000000ea580000)
  to   space 12288K, 0% used [0x00000000e8d80000,0x00000000e8d80000,0x00000000e9980000)
 ParOldGen       total 88064K, used 20731K [0x00000000a0000000, 0x00000000a5600000, 0x00000000e0000000)
  object space 88064K, 23% used [0x00000000a0000000,0x00000000a143ed20,0x00000000a5600000)
 Metaspace       used 41633K, capacity 42666K, committed 42880K, reserved 1093632K
  class space    used 5630K, capacity 5923K, committed 6016K, reserved 1048576K
Event: 11.655 GC heap after
Heap after GC invocations=14 (full 3):
 PSYoungGen      total 153088K, used 1206K [0x00000000e0000000, 0x00000000ea580000, 0x0000000100000000)
  eden space 140800K, 0% used [0x00000000e0000000,0x00000000e0000000,0x00000000e8980000)
  from space 12288K, 9% used [0x00000000e8d80000,0x00000000e8ead8f8,0x00000000e9980000)
  to   space 6656K, 0% used [0x00000000e9f00000,0x00000000e9f00000,0x00000000ea580000)
 ParOldGen       total 88064K, used 20739K [0x00000000a0000000, 0x00000000a5600000, 0x00000000e0000000)
  object space 88064K, 23% used [0x00000000a0000000,0x00000000a1440d20,0x00000000a5600000)
 Metaspace       used 41633K, capacity 42666K, committed 42880K, reserved 1093632K
  class space    used 5630K, capacity 5923K, committed 6016K, reserved 1048576K
}
Event: 11.655 GC heap before
{Heap before GC invocations=15 (full 4):
 PSYoungGen      total 153088K, used 1206K [0x00000000e0000000, 0x00000000ea580000, 0x0000000100000000)
  eden space 140800K, 0% used [0x00000000e0000000,0x00000000e0000000,0x00000000e8980000)
  from space 12288K, 9% used [0x00000000e8d80000,0x00000000e8ead8f8,0x00000000e9980000)
  to   space 6656K, 0% used [0x00000000e9f00000,0x00000000e9f00000,0x00000000ea580000)
 ParOldGen       total 88064K, used 20739K [0x00000000a0000000, 0x00000000a5600000, 0x00000000e0000000)
  object space 88064K, 23% used [0x00000000a0000000,0x00000000a1440d20,0x00000000a5600000)
 Metaspace       used 41633K, capacity 42666K, committed 42880K, reserved 1093632K
  class space    used 5630K, capacity 5923K, committed 6016K, reserved 1048576K
Event: 11.693 GC heap after
Heap after GC invocations=15 (full 4):
 PSYoungGen      total 153088K, used 0K [0x00000000e0000000, 0x00000000ea580000, 0x0000000100000000)
  eden space 140800K, 0% used [0x00000000e0000000,0x00000000e0000000,0x00000000e8980000)
  from space 12288K, 0% used [0x00000000e8d80000,0x00000000e8d80000,0x00000000e9980000)
  to   space 6656K, 0% used [0x00000000e9f00000,0x00000000e9f00000,0x00000000ea580000)
 ParOldGen       total 88064K, used 17846K [0x00000000a0000000, 0x00000000a5600000, 0x00000000e0000000)
  object space 88064K, 20% used [0x00000000a0000000,0x00000000a116da20,0x00000000a5600000)
 Metaspace       used 41633K, capacity 42666K, committed 42880K, reserved 1091584K
  class space    used 5630K, capacity 5923K, committed 6016K, reserved 1048576K
}

Deoptimization events (10 events):
Event: 7.790 Thread 0x000000001b21a800 Uncommon trap: reason=bimorphic action=maybe_recompile pc=0x000000000347eadc method=java.util.AbstractCollection.addAll(Ljava/util/Collection;)Z @ 29
Event: 7.952 Thread 0x000000001b21a800 Uncommon trap: reason=range_check action=make_not_entrant pc=0x00000000035fca34 method=java.lang.String.charAt(I)C @ 27
Event: 8.067 Thread 0x000000001b21a800 Uncommon trap: reason=bimorphic action=maybe_recompile pc=0x000000000347eadc method=java.util.AbstractCollection.addAll(Ljava/util/Collection;)Z @ 29
Event: 8.547 Thread 0x000000001b21a800 Uncommon trap: reason=unstable_if action=reinterpret pc=0x000000000328f978 method=java.io.BufferedInputStream.read([BII)I @ 56
Event: 8.548 Thread 0x000000001b21a800 Uncommon trap: reason=unstable_if action=reinterpret pc=0x0000000002f3f150 method=java.util.regex.Pattern.has(I)Z @ 6
Event: 8.560 Thread 0x000000001b21a800 Uncommon trap: reason=bimorphic action=maybe_recompile pc=0x000000000347eadc method=java.util.AbstractCollection.addAll(Ljava/util/Collection;)Z @ 29
Event: 9.058 Thread 0x000000001b21a800 Uncommon trap: reason=predicate action=maybe_recompile pc=0x00000000035caf10 method=java.util.Arrays.binarySearch0([Ljava/lang/Object;IILjava/lang/Object;Ljava/util/Comparator;)I @ 28
Event: 9.330 Thread 0x000000001b21a800 Uncommon trap: reason=unstable_if action=reinterpret pc=0x0000000003673ee0 method=java.security.CodeSource.hashCode()I @ 4
Event: 9.330 Thread 0x000000001b21a800 Uncommon trap: reason=unstable_if action=reinterpret pc=0x0000000003610a4c method=java.security.CodeSource.hashCode()I @ 4
Event: 9.379 Thread 0x000000001b21a800 Uncommon trap: reason=unstable_if action=reinterpret pc=0x00000000036df924 method=jdk.internal.org.objectweb.asm.Type.getArgumentsAndReturnSizes(Ljava/lang/String;)I @ 47

Classes redefined (0 events):
No events

Internal exceptions (10 events):
Event: 8.047 Thread 0x000000001b21a800 Exception <a 'java/lang/ClassNotFoundException': org/gradle/api/internal/ConventionTaskCustomizer> (0x00000000e05be3a0) thrown at [D:\src\AOSP-openjdk-cygwin\jdk8u\hotspot\src\share\vm\classfile\systemDictionary.cpp, line 210]
Event: 8.049 Thread 0x000000001b21a800 Exception <a 'java/lang/ClassNotFoundException': org/gradle/api/tasks/DeleteCustomizer> (0x00000000e05fd3f0) thrown at [D:\src\AOSP-openjdk-cygwin\jdk8u\hotspot\src\share\vm\classfile\systemDictionary.cpp, line 210]
Event: 8.052 Thread 0x000000001b21a800 Exception <a 'java/lang/ClassNotFoundException': org/gradle/api/tasks/Delete_DecoratedCustomizer> (0x00000000e0649f68) thrown at [D:\src\AOSP-openjdk-cygwin\jdk8u\hotspot\src\share\vm\classfile\systemDictionary.cpp, line 210]
Event: 8.094 Thread 0x000000001b21a800 Exception <a 'java/lang/ClassNotFoundException': build_b53eprv0il4cas3z2itzb3uqjBeanInfo> (0x00000000e074f6c8) thrown at [D:\src\AOSP-openjdk-cygwin\jdk8u\hotspot\src\share\vm\classfile\systemDictionary.cpp, line 210]
Event: 8.094 Thread 0x000000001b21a800 Exception <a 'java/lang/ClassNotFoundException': build_b53eprv0il4cas3z2itzb3uqjCustomizer> (0x00000000e075c0c0) thrown at [D:\src\AOSP-openjdk-cygwin\jdk8u\hotspot\src\share\vm\classfile\systemDictionary.cpp, line 210]
Event: 8.099 Thread 0x000000001b21a800 Exception <a 'java/lang/ClassNotFoundException': org/gradle/api/internal/plugins/DefaultObjectConfigurationActionBeanInfo> (0x00000000e07d2690) thrown at [D:\src\AOSP-openjdk-cygwin\jdk8u\hotspot\src\share\vm\classfile\systemDictionary.cpp, line 210]
Event: 8.100 Thread 0x000000001b21a800 Exception <a 'java/lang/ClassNotFoundException': org/gradle/api/internal/plugins/DefaultObjectConfigurationActionCustomizer> (0x00000000e08154f0) thrown at [D:\src\AOSP-openjdk-cygwin\jdk8u\hotspot\src\share\vm\classfile\systemDictionary.cpp, line 210]
Event: 9.329 Thread 0x000000001b21a800 Implicit null exception at 0x00000000036730b8 to 0x0000000003673ea9
Event: 9.330 Thread 0x000000001b21a800 Implicit null exception at 0x0000000003610755 to 0x0000000003610a3d
Event: 9.904 Thread 0x000000001b21a800 Exception <a 'sun/nio/fs/WindowsException'> (0x00000000e1a92530) thrown at [D:\src\AOSP-openjdk-cygwin\jdk8u\hotspot\src\share\vm\prims\jni.cpp, line 710]

Events (10 events):
Event: 11.703 Thread 0x00000000188ac800 flushing nmethod 0x00000000032bb090
Event: 11.703 Thread 0x00000000188ac800 flushing nmethod 0x00000000032bde10
Event: 11.703 Thread 0x00000000188ac800 flushing nmethod 0x00000000032c1790
Event: 11.703 Thread 0x00000000188ac800 flushing nmethod 0x00000000032d76d0
Event: 11.707 loading class org/gradle/api/plugins/JavaBasePlugin$2
Event: 11.707 loading class org/gradle/api/plugins/JavaBasePlugin$2 done
Event: 11.708 loading class org/gradle/api/tasks/compile/AbstractCompile
Event: 11.708 loading class org/gradle/api/tasks/compile/AbstractCompile done
Event: 11.709 loading class org/gradle/api/tasks/SourceTask
Event: 11.709 loading class org/gradle/api/tasks/SourceTask done


Dynamic libraries:
0x00007ff631290000 - 0x00007ff6312c1000 	C:\Program Files\Android\Android Studio\jre\bin\java.exe
0x00007ffa2e870000 - 0x00007ffa2ea1d000 	C:\windows\SYSTEM32\ntdll.dll
0x00007ffa2c0a0000 - 0x00007ffa2c1de000 	C:\windows\system32\KERNEL32.DLL
0x00007ffa2bdd0000 - 0x00007ffa2bee5000 	C:\windows\system32\KERNELBASE.dll
0x00007ffa2e7c0000 - 0x00007ffa2e86a000 	C:\windows\system32\ADVAPI32.dll
0x00007ffa2bf20000 - 0x00007ffa2c097000 	C:\windows\system32\USER32.dll
0x00007ffa29440000 - 0x00007ffa296bb000 	C:\windows\WinSxS\amd64_microsoft.windows.common-controls_6595b64144ccf1df_6.0.9600.18006_none_623f33d3ecbe86e8\COMCTL32.dll
0x00007ffa2e6a0000 - 0x00007ffa2e74a000 	C:\windows\system32\msvcrt.dll
0x00007ffa2ced0000 - 0x00007ffa2cf29000 	C:\windows\SYSTEM32\sechost.dll
0x00007ffa2cd90000 - 0x00007ffa2ced0000 	C:\windows\system32\RPCRT4.dll
0x00007ffa2c1e0000 - 0x00007ffa2c32f000 	C:\windows\system32\GDI32.dll
0x00007ffa2ba60000 - 0x00007ffa2ba8e000 	C:\windows\system32\SspiCli.dll
0x00007ffa2e540000 - 0x00007ffa2e576000 	C:\windows\system32\IMM32.DLL
0x00007ffa2c990000 - 0x00007ffa2cae2000 	C:\windows\system32\MSCTF.dll
0x0000000050050000 - 0x0000000050122000 	C:\Program Files\Android\Android Studio\jre\jre\bin\msvcr100.dll
0x0000000075e90000 - 0x00000000766d6000 	C:\Program Files\Android\Android Studio\jre\jre\bin\server\jvm.dll
0x00007ffa20910000 - 0x00007ffa20919000 	C:\windows\SYSTEM32\WSOCK32.dll
0x00007ffa24630000 - 0x00007ffa24652000 	C:\windows\SYSTEM32\WINMM.dll
0x00007ffa2a540000 - 0x00007ffa2a54a000 	C:\windows\SYSTEM32\VERSION.dll
0x00007ffa2cf30000 - 0x00007ffa2cf37000 	C:\windows\system32\PSAPI.DLL
0x00007ffa2e470000 - 0x00007ffa2e4ca000 	C:\windows\system32\WS2_32.dll
0x00007ffa244b0000 - 0x00007ffa244da000 	C:\windows\SYSTEM32\WINMMBASE.dll
0x00007ffa2e530000 - 0x00007ffa2e539000 	C:\windows\system32\NSI.dll
0x00007ffa2bba0000 - 0x00007ffa2bbef000 	C:\windows\SYSTEM32\cfgmgr32.dll
0x00007ffa2a7c0000 - 0x00007ffa2a7e8000 	C:\windows\SYSTEM32\DEVOBJ.dll
0x00007ffa21030000 - 0x00007ffa2103f000 	C:\Program Files\Android\Android Studio\jre\jre\bin\verify.dll
0x00007ffa18ea0000 - 0x00007ffa18ec9000 	C:\Program Files\Android\Android Studio\jre\jre\bin\java.dll
0x00007ffa18e80000 - 0x00007ffa18e96000 	C:\Program Files\Android\Android Studio\jre\jre\bin\zip.dll
0x00007ffa2cf40000 - 0x00007ffa2e468000 	C:\windows\system32\SHELL32.dll
0x00007ffa2c330000 - 0x00007ffa2c541000 	C:\windows\SYSTEM32\combase.dll
0x00007ffa2e580000 - 0x00007ffa2e5d4000 	C:\windows\system32\SHLWAPI.dll
0x00007ffa2a1c0000 - 0x00007ffa2a272000 	C:\windows\SYSTEM32\SHCORE.dll
0x00007ffa2b990000 - 0x00007ffa2b9a5000 	C:\windows\SYSTEM32\profapi.dll
0x00007ffa18d70000 - 0x00007ffa18d8a000 	C:\Program Files\Android\Android Studio\jre\jre\bin\net.dll
0x00007ffa216f0000 - 0x00007ffa21875000 	C:\windows\SYSTEM32\urlmon.dll
0x00007ffa2c630000 - 0x00007ffa2c7c4000 	C:\windows\system32\ole32.dll
0x00007ffa21420000 - 0x00007ffa216ea000 	C:\windows\SYSTEM32\iertutil.dll
0x00007ffa210f0000 - 0x00007ffa21411000 	C:\windows\SYSTEM32\WININET.dll
0x00007ffa2afd0000 - 0x00007ffa2aff1000 	C:\windows\SYSTEM32\USERENV.dll
0x00007ffa2b290000 - 0x00007ffa2b2e9000 	C:\windows\system32\mswsock.dll
0x00007ffa18d50000 - 0x00007ffa18d63000 	C:\Program Files\Android\Android Studio\jre\jre\bin\nio.dll
0x00007ffa16240000 - 0x00007ffa16266000 	C:\Users\æ∆∆º∫Í8\.gradle\native\30\windows-amd64\native-platform.dll
0x00007ffa19730000 - 0x00007ffa1973d000 	C:\Program Files\Android\Android Studio\jre\jre\bin\management.dll
0x00007ffa2b2f0000 - 0x00007ffa2b310000 	C:\windows\SYSTEM32\CRYPTSP.dll
0x00007ffa2aec0000 - 0x00007ffa2aef6000 	C:\windows\system32\rsaenh.dll
0x00007ffa2b540000 - 0x00007ffa2b566000 	C:\windows\SYSTEM32\bcrypt.dll
0x00007ffa2b860000 - 0x00007ffa2b8c3000 	C:\windows\system32\bcryptprimitives.dll
0x00007ffa2b8d0000 - 0x00007ffa2b8db000 	C:\windows\SYSTEM32\CRYPTBASE.dll
0x00007ffa25da0000 - 0x00007ffa25dca000 	C:\windows\SYSTEM32\IPHLPAPI.DLL
0x00007ffa25d90000 - 0x00007ffa25d9a000 	C:\windows\SYSTEM32\WINNSI.DLL
0x00007ffa24b00000 - 0x00007ffa24b16000 	C:\windows\SYSTEM32\dhcpcsvc6.DLL
0x00007ffa24cd0000 - 0x00007ffa24cea000 	C:\windows\SYSTEM32\dhcpcsvc.DLL

VM Arguments:
jvm_args: -Xmx1536m -Dfile.encoding=x-windows-949 -Duser.country=KR -Duser.language=ko -Duser.variant 
java_command: org.gradle.launcher.daemon.bootstrap.GradleDaemon 5.6.4
java_class_path (initial): C:\Users\æ∆∆º∫Í8\.gradle\wrapper\dists\gradle-5.6.4-all\ankdp27end7byghfw1q2sw75f\gradle-5.6.4\lib\gradle-launcher-5.6.4.jar
Launcher Type: SUN_STANDARD

Environment Variables:
PATH=C:\Program Files (x86)\Common Files\Oracle\Java\javapath;C:\Program Files (x86)\Intel\iCLS Client\;C:\Program Files\Intel\iCLS Client\;C:\windows\system32;C:\windows;C:\windows\System32\Wbem;C:\windows\System32\WindowsPowerShell\v1.0\;C:\Program Files\Intel\Intel(R) Management Engine Components\DAL;C:\Program Files\Intel\Intel(R) Management Engine Components\IPT;C:\Program Files (x86)\Intel\Intel(R) Management Engine Components\DAL;C:\Program Files (x86)\Intel\Intel(R) Management Engine Components\IPT;C:\Program Files\Samsung\AllShare Framework DMS\1.3.23\64bit\;C:\Program Files\Intel\WiFi\bin\;C:\Program Files\Common Files\Intel\WirelessCommon\;C:\Program Files\Samsung\SamsungLink\AllShare Framework DMS\bin\;C:\Program Files (x86)\NVIDIA Corporation\PhysX\Common;C:\Program Files\Microsoft SQL Server\130\Tools\Binn\;C:\Users\æ∆∆º∫Í8\AppData\Local\Programs\Python\Python36-32;C:;Program Files\Amazon\AWSCLI\;C:\Program Files\Git\cmd;C:\Program Files\Java\jdk1.8.0_201\bin;C:\Users\æ∆∆º∫Í8\AppData\Local\Programs\Python\Python36-32;C:\Users\æ∆∆º∫Í8\AppData\Local\Programs\Python\Python36-32\Scripts;C:\Users\æ∆∆º∫Í8\AppData\Local\GitHubDesktop\bin;C:\Users\æ∆∆º∫Í8\AppData\Local\Programs\Python\Python36-32
USERNAME=æ∆∆º∫Í8
OS=Windows_NT
PROCESSOR_IDENTIFIER=Intel64 Family 6 Model 60 Stepping 3, GenuineIntel



---------------  S Y S T E M  ---------------

OS: Windows 8.1 , 64 bit Build 9600 (6.3.9600.17415)

CPU:total 8 (initial active 8) (4 cores per cpu, 2 threads per core) family 6 model 60 stepping 3, cmov, cx8, fxsr, mmx, sse, sse2, sse3, ssse3, sse4.1, sse4.2, popcnt, avx, avx2, aes, clmul, erms, lzcnt, ht, tsc, tscinvbit, bmi1, bmi2

Memory: 4k page, physical 8300836k(900152k free), swap 12996904k(5316k free)

vm_info: OpenJDK 64-Bit Server VM (25.212-b04) for windows-amd64 JRE (1.8.0_212-release-1586-b04), built by "builder" with MS VC++ 10.0 (VS2010)

time: Mon May 25 06:17:36 2020
timezone: ¥Î«—πŒ±π «•¡ÿΩ√
elapsed time: 11 seconds (0d 0h 0m 11s)

